Base path: C:/Program Files (x86)/Unity/Editor/Data
Pipe name: \\.\pipe\UnityShaderCompiler-1-4992
Cmd: getPlatforms
Cmd: preprocess
  insize=1239 outsize=1522 ok=1
Cmd: compileSnippet
  api=4 type=0 insize=5706 outsize=3435 kw=DIRECTIONAL SHADOWS_OFF LIGHTMAP_OFF DIRLIGHTMAP_OFF ok=1
Cmd: compileSnippet
  api=4 type=1 insize=5706 outsize=2875 kw=DIRECTIONAL SHADOWS_OFF LIGHTMAP_OFF DIRLIGHTMAP_OFF ok=1
Cmd: compileSnippet
  api=4 type=0 insize=2976 outsize=3143 kw=POINT ok=1
Cmd: compileSnippet
  api=4 type=1 insize=2976 outsize=2680 kw=POINT ok=1
Cmd: compileSnippet
  api=4 type=0 insize=2246 outsize=1477 kw= ok=1
Cmd: compileSnippet
  api=4 type=1 insize=2246 outsize=673 kw= ok=1
Cmd: compileSnippet
  api=4 type=0 insize=5083 outsize=3224 kw=LIGHTMAP_OFF DIRLIGHTMAP_OFF HDR_LIGHT_PREPASS_OFF ok=1
Cmd: compileSnippet
  api=4 type=1 insize=5083 outsize=2160 kw=LIGHTMAP_OFF DIRLIGHTMAP_OFF HDR_LIGHT_PREPASS_OFF ok=1
Cmd: preprocess
  insize=1393 outsize=1569 ok=1
Cmd: compileSnippet
  api=4 type=0 insize=5854 outsize=4483 kw=DIRECTIONAL SHADOWS_OFF LIGHTMAP_OFF DIRLIGHTMAP_OFF ok=1
Cmd: compileSnippet
  api=4 type=1 insize=5854 outsize=3338 kw=DIRECTIONAL SHADOWS_OFF LIGHTMAP_OFF DIRLIGHTMAP_OFF ok=1
Cmd: compileSnippet
  api=4 type=0 insize=3159 outsize=3882 kw=POINT ok=1
Cmd: compileSnippet
  api=4 type=1 insize=3159 outsize=3151 kw=POINT ok=1
Cmd: compileSnippet
  api=4 type=0 insize=2834 outsize=2915 kw= ok=1
Cmd: compileSnippet
  api=4 type=1 insize=2834 outsize=1550 kw= ok=1
Cmd: compileSnippet
  api=4 type=0 insize=5264 outsize=3387 kw=LIGHTMAP_OFF DIRLIGHTMAP_OFF HDR_LIGHT_PREPASS_OFF ok=1
Cmd: compileSnippet
  api=4 type=1 insize=5264 outsize=2233 kw=LIGHTMAP_OFF DIRLIGHTMAP_OFF HDR_LIGHT_PREPASS_OFF ok=1
